<?xml version="1.0" encoding="UTF-8"?>
<!-- Generated by org.testng.reporters.JUnitReportReporter -->
<testsuite hostname="DESKTOP-IA4DSA7" failures="0" tests="1" name="test.LoginTest" time="10.955" errors="0" timestamp="18 Mar 2023 00:13:26 GMT" skipped="0">
  <testcase classname="test.LoginTest" name="validuserShouldbeAbleTologin" time="10.955"/>
</testsuite> <!-- test.LoginTest -->
